MPASM  5.51                   UYGULAMA-64.ASM   12-1-2018  15:00:38         PAGE  1


LOC  OBJECT CODE     LINE SOURCE TEXT
  VALUE

                      00001         LIST P=16F877A
                      00002         #INCLUDE <P16F877A.INC>
                      00001         LIST
                      00002 
                      00003 ;==========================================================================
                      00004 ;  MPASM PIC16F877A processor include
                      00005 ; 
                      00006 ;  (c) Copyright 1999-2013 Microchip Technology, All rights reserved
                      00007 ;==========================================================================
                      00008 
                      00566         LIST
Warning[207]: Found label after column 1. (SAYICI1)
  00000020            00003         SAYICI1 EQU 0X20
Warning[207]: Found label after column 1. (SAYICI2)
  00000021            00004         SAYICI2 EQU 0X21
Warning[207]: Found label after column 1. (LCD_DEG)
  00000022            00005         LCD_DEG EQU 0X22
Warning[207]: Found label after column 1. (DEG1)
  00000023            00006         DEG1 EQU 0X23
Warning[207]: Found label after column 1. (DEG2)
  00000024            00007         DEG2 EQU 0X24
Warning[207]: Found label after column 1. (SAYICI_KAYDIRMA)
  00000025            00008         SAYICI_KAYDIRMA EQU 0X25
0000                  00009         ORG 0X00
0000   2801           00010         GOTO ANA_METOT
                      00011 
0001                  00012 ANA_METOT
0001   1683 1303      00013         BANKSEL TRISB
Message[302]: Register in operand not in bank 0.  Ensure that bank bits are correct.
0003   0186           00014         CLRF TRISB
0004   1283 1303      00015         BANKSEL PORTB
0006   0186           00016         CLRF PORTB
                      00017         
0007   01A3           00018         CLRF DEG1
0008   01A4           00019         CLRF DEG2
                      00020 
0009   2033           00021         CALL LCD_AYARLAR
000A   203A           00022         CALL LCD_KARAKTERLER
                      00023 
                      00024 ;SATIR_1
                      00025 ;       MOVLW H'80'
                      00026 ;       CALL LCD_KOMUT_YAZDIR
                      00027 ;AD
                      00028 ;       MOVF DEG1,W
                      00029 ;       CALL TABLO1
                      00030 ;       XORLW 0X00
                      00031 ;       BTFSC STATUS,Z
                      00032 ;       GOTO SATIR_2
                      00033 ;       CALL LCD_KARAKTER_YAZDIR
                      00034 ;       INCF DEG1,F
                      00035 ;       GOTO AD
                      00036 ;
                      00037 ;SATIR_2
MPASM  5.51                   UYGULAMA-64.ASM   12-1-2018  15:00:38         PAGE  2


LOC  OBJECT CODE     LINE SOURCE TEXT
  VALUE

                      00038 ;       MOVLW H'C0'
                      00039 ;       CALL LCD_KOMUT_YAZDIR
                      00040 ;SOYAD
                      00041 ;       MOVF DEG2,W
                      00042 ;       CALL TABLO2
                      00043 ;       XORLW 0X00
                      00044 ;       BTFSC STATUS,Z
                      00045 ;       GOTO KONTROL
                      00046 ;       CALL LCD_KARAKTER_YAZDIR
                      00047 ;       INCF DEG2,F
                      00048 ;       GOTO SOYAD
                      00049 ;
                      00050 ;       CALL SAYDIR
                      00051 ;       RETURN
                      00052 
000B                  00053 SAYDIR 
000B   3000           00054         MOVLW 0X00
000C   00A5           00055         MOVWF SAYICI_KAYDIRMA
                      00056 
000D                  00057 KAYDIRMA_METOT
000D   0AA5           00058         INCF SAYICI_KAYDIRMA,F
000E   0825           00059         MOVF SAYICI_KAYDIRMA,W
000F   3C05           00060         SUBLW H'05'
0010   1903           00061         BTFSC STATUS,Z
0011   0008           00062         RETURN
0012   2014           00063         CALL LCD_KAYDIR
0013   280D           00064         GOTO KAYDIRMA_METOT
                      00065 
0014                  00066 LCD_KAYDIR
0014   301C           00067         MOVLW H'1C'
0015   2017           00068         CALL LCD_KOMUT_YAZDIR
0016   0008           00069         RETURN
                      00070 
0017                  00071 LCD_KOMUT_YAZDIR
0017   00A2           00072         MOVWF LCD_DEG
0018   0E22           00073         SWAPF LCD_DEG,W
0019   390F           00074         ANDLW 0X0F
001A   0086           00075         MOVWF PORTB
                      00076         
001B   1206           00077         BCF PORTB,4
001C   1686           00078         BSF PORTB,5
                      00079 ;       CALL GECIKME
001D   1286           00080         BCF PORTB,5
                      00081 
001E   0822           00082         MOVF LCD_DEG,W
001F   390F           00083         ANDLW 0X0F
0020   0086           00084         MOVWF PORTB
                      00085         
0021   1206           00086         BCF PORTB,4
0022   1686           00087         BSF PORTB,5
                      00088 ;       CALL GECIKME
0023   1286           00089         BCF PORTB,5
                      00090 
MPASM  5.51                   UYGULAMA-64.ASM   12-1-2018  15:00:38         PAGE  3


LOC  OBJECT CODE     LINE SOURCE TEXT
  VALUE

0024   0008           00091         RETURN
                      00092 
0025                  00093 LCD_KARAKTER_YAZDIR
0025   00A2           00094         MOVWF LCD_DEG
0026   0E22           00095         SWAPF LCD_DEG,W
0027   390F           00096         ANDLW 0X0F
0028   0086           00097         MOVWF PORTB
                      00098 
0029   1606           00099         BSF PORTB,4
002A   1686           00100         BSF PORTB,5
                      00101 ;       CALL GECIKME
002B   1286           00102         BCF PORTB,5
                      00103 
002C   0822           00104         MOVF LCD_DEG,W
002D   390F           00105         ANDLW 0X0F
002E   0086           00106         MOVWF PORTB
                      00107 
002F   1606           00108         BSF PORTB,4
0030   1686           00109         BSF PORTB,5
                      00110 ;       CALL GECIKME
0031   1286           00111         BCF PORTB,5
                      00112 
0032   0008           00113         RETURN
                      00114 ;
                      00115 ;GECIKME
                      00116 ;       MOVLW 0XFF
                      00117 ;       MOVWF SAYICI1
                      00118 ;
                      00119 ;TEKRAR1
                      00120 ;       MOVLW 0XFF
                      00121 ;       MOVWF SAYICI2
                      00122 ;
                      00123 ;TEKRAR2
                      00124 ;       DECFSZ SAYICI2,F
                      00125 ;       GOTO TEKRAR2
                      00126 ;       DECFSZ SAYICI1,F
                      00127 ;       GOTO TEKRAR1
                      00128 ;       RETURN
                      00129 
0033                  00130 LCD_AYARLAR
0033   3002           00131         MOVLW H'02'
0034   2017           00132         CALL LCD_KOMUT_YAZDIR
                      00133         
0035   300C           00134         MOVLW H'0C'
0036   2017           00135         CALL LCD_KOMUT_YAZDIR
                      00136 
0037   3028           00137         MOVLW H'28'
0038   2017           00138         CALL LCD_KOMUT_YAZDIR
                      00139 
0039   0008           00140         RETURN
                      00141 
003A                  00142 LCD_KARAKTERLER
003A   306E           00143         MOVLW A'n'
MPASM  5.51                   UYGULAMA-64.ASM   12-1-2018  15:00:38         PAGE  4


LOC  OBJECT CODE     LINE SOURCE TEXT
  VALUE

003B   2025           00144         CALL LCD_KARAKTER_YAZDIR
                      00145 
003C   3069           00146         MOVLW A'i'
003D   2025           00147         CALL LCD_KARAKTER_YAZDIR
                      00148 
003E   306C           00149         MOVLW A'l'
003F   2025           00150         CALL LCD_KARAKTER_YAZDIR
                      00151 
0040   3061           00152         MOVLW A'a'
0041   2025           00153         CALL LCD_KARAKTER_YAZDIR
                      00154 
0042   3079           00155         MOVLW A'y'
0043   2025           00156         CALL LCD_KARAKTER_YAZDIR
                      00157         
0044   2051           00158         CALL SATIR2
                      00159 
0045   3061           00160         MOVLW A'a'
0046   2025           00161         CALL LCD_KARAKTER_YAZDIR
                      00162 
0047   306C           00163         MOVLW A'l'
0048   2025           00164         CALL LCD_KARAKTER_YAZDIR
                      00165 
0049   3074           00166         MOVLW A't'
004A   2025           00167         CALL LCD_KARAKTER_YAZDIR
                      00168 
004B   3075           00169         MOVLW A'u'
004C   2025           00170         CALL LCD_KARAKTER_YAZDIR
                      00171 
004D   3067           00172         MOVLW A'g'
004E   2025           00173         CALL LCD_KARAKTER_YAZDIR
                      00174 
004F   200B           00175         CALL SAYDIR
                      00176 
0050   0008           00177         RETURN
                      00178 
0051                  00179 SATIR2
0051   30C0           00180         MOVLW H'C0'
0052   2017           00181         CALL LCD_KOMUT_YAZDIR
0053   0008           00182         RETURN
                      00183 
0054                  00184 TABLO1
0054   0782           00185         ADDWF PCL,F
0055   344E           00186         RETLW 'N'
0056   3449           00187         RETLW 'I'
0057   344C           00188         RETLW 'L'
0058   3441           00189         RETLW 'A'
0059   3459           00190         RETLW 'Y'
005A   3400           00191         RETLW 0X00
                      00192 
005B                  00193 TABLO2
005B   0782           00194         ADDWF PCL,F
005C   3441           00195         RETLW 'A'
005D   344C           00196         RETLW 'L'
MPASM  5.51                   UYGULAMA-64.ASM   12-1-2018  15:00:38         PAGE  5


LOC  OBJECT CODE     LINE SOURCE TEXT
  VALUE

005E   3454           00197         RETLW 'T'
005F   3455           00198         RETLW 'U'
0060   3447           00199         RETLW 'G'
0061   3400           00200         RETLW 0X00
                      00201 
0062                  00202 KONTROL
0062   2862           00203         GOTO KONTROL
                      00204         
Warning[205]: Found directive in column 1. (END)
                      00205 END
MPASM  5.51                   UYGULAMA-64.ASM   12-1-2018  15:00:38         PAGE  6


SYMBOL TABLE
  LABEL                             VALUE 

ACKDT                             00000005
ACKEN                             00000004
ACKSTAT                           00000006
ADCON0                            0000001F
ADCON1                            0000009F
ADCS0                             00000006
ADCS1                             00000007
ADCS2                             00000006
ADDEN                             00000003
ADFM                              00000007
ADIE                              00000006
ADIF                              00000006
ADON                              00000000
ADRESH                            0000001E
ADRESL                            0000009E
ANA_METOT                         00000001
BCLIE                             00000003
BCLIF                             00000003
BF                                00000000
BRGH                              00000002
C                                 00000000
C1INV                             00000004
C1OUT                             00000006
C2INV                             00000005
C2OUT                             00000007
CCP1CON                           00000017
CCP1IE                            00000002
CCP1IF                            00000002
CCP1M0                            00000000
CCP1M1                            00000001
CCP1M2                            00000002
CCP1M3                            00000003
CCP1X                             00000005
CCP1Y                             00000004
CCP2CON                           0000001D
CCP2IE                            00000000
CCP2IF                            00000000
CCP2M0                            00000000
CCP2M1                            00000001
CCP2M2                            00000002
CCP2M3                            00000003
CCP2X                             00000005
CCP2Y                             00000004
CCPR1                             00000015
CCPR1H                            00000016
CCPR1L                            00000015
CCPR2                             0000001B
CCPR2H                            0000001C
CCPR2L                            0000001B
CHS0                              00000003
CHS1                              00000004
CHS2                              00000005
CIS                               00000003
MPASM  5.51                   UYGULAMA-64.ASM   12-1-2018  15:00:38         PAGE  7


SYMBOL TABLE
  LABEL                             VALUE 

CKE                               00000006
CKP                               00000004
CM0                               00000000
CM1                               00000001
CM2                               00000002
CMCON                             0000009C
CMIE                              00000006
CMIF                              00000006
CREN                              00000004
CSRC                              00000007
CVR0                              00000000
CVR1                              00000001
CVR2                              00000002
CVR3                              00000003
CVRCON                            0000009D
CVREN                             00000007
CVROE                             00000006
CVRR                              00000005
D                                 00000005
DATA_ADDRESS                      00000005
DC                                00000001
DEG1                              00000023
DEG2                              00000024
D_A                               00000005
D_NOT_A                           00000005
EEADR                             0000010D
EEADRH                            0000010F
EECON1                            0000018C
EECON2                            0000018D
EEDATA                            0000010C
EEDATH                            0000010E
EEIE                              00000004
EEIF                              00000004
EEPGD                             00000007
F                                 00000001
FERR                              00000002
FSR                               00000004
GCEN                              00000007
GIE                               00000007
GO                                00000002
GO_DONE                           00000002
GO_NOT_DONE                       00000002
I2C_DATA                          00000005
I2C_READ                          00000002
I2C_START                         00000003
I2C_STOP                          00000004
IBF                               00000007
IBOV                              00000005
INDF                              00000000
INTCON                            0000000B
INTE                              00000004
INTEDG                            00000006
INTF                              00000001
MPASM  5.51                   UYGULAMA-64.ASM   12-1-2018  15:00:38         PAGE  8


SYMBOL TABLE
  LABEL                             VALUE 

IRP                               00000007
KAYDIRMA_METOT                    0000000D
KONTROL                           00000062
LCD_AYARLAR                       00000033
LCD_DEG                           00000022
LCD_KARAKTERLER                   0000003A
LCD_KARAKTER_YAZDIR               00000025
LCD_KAYDIR                        00000014
LCD_KOMUT_YAZDIR                  00000017
NOT_A                             00000005
NOT_ADDRESS                       00000005
NOT_BO                            00000000
NOT_BOR                           00000000
NOT_DONE                          00000002
NOT_PD                            00000003
NOT_POR                           00000001
NOT_RBPU                          00000007
NOT_RC8                           00000006
NOT_T1SYNC                        00000002
NOT_TO                            00000004
NOT_TX8                           00000006
NOT_W                             00000002
NOT_WRITE                         00000002
OBF                               00000006
OERR                              00000001
OPTION_REG                        00000081
P                                 00000004
PCFG0                             00000000
PCFG1                             00000001
PCFG2                             00000002
PCFG3                             00000003
PCL                               00000002
PCLATH                            0000000A
PCON                              0000008E
PEIE                              00000006
PEN                               00000002
PIE1                              0000008C
PIE2                              0000008D
PIR1                              0000000C
PIR2                              0000000D
PORTA                             00000005
PORTB                             00000006
PORTC                             00000007
PORTD                             00000008
PORTE                             00000009
PR2                               00000092
PS0                               00000000
PS1                               00000001
PS2                               00000002
PSA                               00000003
PSPIE                             00000007
PSPIF                             00000007
PSPMODE                           00000004
MPASM  5.51                   UYGULAMA-64.ASM   12-1-2018  15:00:38         PAGE  9


SYMBOL TABLE
  LABEL                             VALUE 

R                                 00000002
RA0                               00000000
RA1                               00000001
RA2                               00000002
RA3                               00000003
RA4                               00000004
RA5                               00000005
RB0                               00000000
RB1                               00000001
RB2                               00000002
RB3                               00000003
RB4                               00000004
RB5                               00000005
RB6                               00000006
RB7                               00000007
RBIE                              00000003
RBIF                              00000000
RC0                               00000000
RC1                               00000001
RC2                               00000002
RC3                               00000003
RC4                               00000004
RC5                               00000005
RC6                               00000006
RC7                               00000007
RC8_9                             00000006
RC9                               00000006
RCD8                              00000000
RCEN                              00000003
RCIE                              00000005
RCIF                              00000005
RCREG                             0000001A
RCSTA                             00000018
RD                                00000000
RD0                               00000000
RD1                               00000001
RD2                               00000002
RD3                               00000003
RD4                               00000004
RD5                               00000005
RD6                               00000006
RD7                               00000007
RE0                               00000000
RE1                               00000001
RE2                               00000002
READ_WRITE                        00000002
RP0                               00000005
RP1                               00000006
RSEN                              00000001
RX9                               00000006
RX9D                              00000000
R_NOT_W                           00000002
R_W                               00000002
MPASM  5.51                   UYGULAMA-64.ASM   12-1-2018  15:00:38         PAGE 10


SYMBOL TABLE
  LABEL                             VALUE 

S                                 00000003
SATIR2                            00000051
SAYDIR                            0000000B
SAYICI1                           00000020
SAYICI2                           00000021
SAYICI_KAYDIRMA                   00000025
SEN                               00000000
SMP                               00000007
SPBRG                             00000099
SPEN                              00000007
SREN                              00000005
SSPADD                            00000093
SSPBUF                            00000013
SSPCON                            00000014
SSPCON2                           00000091
SSPEN                             00000005
SSPIE                             00000003
SSPIF                             00000003
SSPM0                             00000000
SSPM1                             00000001
SSPM2                             00000002
SSPM3                             00000003
SSPOV                             00000006
SSPSTAT                           00000094
STATUS                            00000003
SYNC                              00000004
T0CS                              00000005
T0IE                              00000005
T0IF                              00000002
T0SE                              00000004
T1CKPS0                           00000004
T1CKPS1                           00000005
T1CON                             00000010
T1INSYNC                          00000002
T1OSCEN                           00000003
T1SYNC                            00000002
T2CKPS0                           00000000
T2CKPS1                           00000001
T2CON                             00000012
TABLO1                            00000054
TABLO2                            0000005B
TMR0                              00000001
TMR0IE                            00000005
TMR0IF                            00000002
TMR1                              0000000E
TMR1CS                            00000001
TMR1H                             0000000F
TMR1IE                            00000000
TMR1IF                            00000000
TMR1L                             0000000E
TMR1ON                            00000000
TMR2                              00000011
TMR2IE                            00000001
MPASM  5.51                   UYGULAMA-64.ASM   12-1-2018  15:00:38         PAGE 11


SYMBOL TABLE
  LABEL                             VALUE 

TMR2IF                            00000001
TMR2ON                            00000002
TOUTPS0                           00000003
TOUTPS1                           00000004
TOUTPS2                           00000005
TOUTPS3                           00000006
TRISA                             00000085
TRISA0                            00000000
TRISA1                            00000001
TRISA2                            00000002
TRISA3                            00000003
TRISA4                            00000004
TRISA5                            00000005
TRISB                             00000086
TRISB0                            00000000
TRISB1                            00000001
TRISB2                            00000002
TRISB3                            00000003
TRISB4                            00000004
TRISB5                            00000005
TRISB6                            00000006
TRISB7                            00000007
TRISC                             00000087
TRISC0                            00000000
TRISC1                            00000001
TRISC2                            00000002
TRISC3                            00000003
TRISC4                            00000004
TRISC5                            00000005
TRISC6                            00000006
TRISC7                            00000007
TRISD                             00000088
TRISD0                            00000000
TRISD1                            00000001
TRISD2                            00000002
TRISD3                            00000003
TRISD4                            00000004
TRISD5                            00000005
TRISD6                            00000006
TRISD7                            00000007
TRISE                             00000089
TRISE0                            00000000
TRISE1                            00000001
TRISE2                            00000002
TRMT                              00000001
TX8_9                             00000006
TX9                               00000006
TX9D                              00000000
TXD8                              00000000
TXEN                              00000005
TXIE                              00000004
TXIF                              00000004
TXREG                             00000019
MPASM  5.51                   UYGULAMA-64.ASM   12-1-2018  15:00:38         PAGE 12


SYMBOL TABLE
  LABEL                             VALUE 

TXSTA                             00000098
UA                                00000001
W                                 00000000
WCOL                              00000007
WR                                00000001
WREN                              00000002
WRERR                             00000003
Z                                 00000002
_BODEN_OFF                        00003FBF
_BODEN_ON                         00003FFF
_BOREN_OFF                        00003FBF
_BOREN_ON                         00003FFF
_CONFIG                           00002007
_CPD_OFF                          00003FFF
_CPD_ON                           00003EFF
_CP_ALL                           00001FFF
_CP_OFF                           00003FFF
_CP_ON                            00001FFF
_DEBUG_OFF                        00003FFF
_DEBUG_ON                         000037FF
_DEVID1                           00002006
_FOSC_EXTRC                       00003FFF
_FOSC_HS                          00003FFE
_FOSC_LP                          00003FFC
_FOSC_XT                          00003FFD
_HS_OSC                           00003FFE
_IDLOC0                           00002000
_IDLOC1                           00002001
_IDLOC2                           00002002
_IDLOC3                           00002003
_LP_OSC                           00003FFC
_LVP_OFF                          00003F7F
_LVP_ON                           00003FFF
_PWRTE_OFF                        00003FFF
_PWRTE_ON                         00003FF7
_RC_OSC                           00003FFF
_WDTE_OFF                         00003FFB
_WDTE_ON                          00003FFF
_WDT_OFF                          00003FFB
_WDT_ON                           00003FFF
_WRT_1FOURTH                      00003BFF
_WRT_256                          00003DFF
_WRT_HALF                         000039FF
_WRT_OFF                          00003FFF
_XT_OSC                           00003FFD
__16F877A                         00000001
__DEBUG                           1
MPASM  5.51                   UYGULAMA-64.ASM   12-1-2018  15:00:38         PAGE 13


MEMORY USAGE MAP ('X' = Used,  '-' = Unused)


0000 : XXXXXXXXXXXXXXXX XXXXXXXXXXXXXXXX XXXXXXXXXXXXXXXX XXXXXXXXXXXXXXXX
0040 : XXXXXXXXXXXXXXXX XXXXXXXXXXXXXXXX XXX------------- ----------------

All other memory blocks unused.

Program Memory Words Used:    99
Program Memory Words Free:  8093


Errors   :     0
Warnings :     7 reported,     0 suppressed
Messages :     1 reported,     0 suppressed

